
::1 - - [06/Apr/2022:21:43:11 +0000] "GET / HTTP/1.1" 401 156 "-" "Mozilla/5.0 (Windows NT 10.0; Win64; x64) AppleWebKit/537.36 (KHTML, like Gecko) Chrome/99.0.4844.84 Safari/537.36"
::1 - - [06/Apr/2022:21:43:11 +0000] "GET /favicon.ico HTTP/1.1" 401 156 "-" "Mozilla/5.0 (Windows NT 10.0; Win64; x64) AppleWebKit/537.36 (KHTML, like Gecko) Chrome/99.0.4844.84 Safari/537.36"
::1 - - [06/Apr/2022:21:45:01 +0000] "GET / HTTP/1.1" 401 112 "-" "Mozilla/5.0 (Windows NT 10.0; Win64; x64) AppleWebKit/537.36 (KHTML, like Gecko) Chrome/99.0.4844.84 Safari/537.36"
::1 - - [06/Apr/2022:21:45:01 +0000] "GET /favicon.ico HTTP/1.1" 401 112 "-" "Mozilla/5.0 (Windows NT 10.0; Win64; x64) AppleWebKit/537.36 (KHTML, like Gecko) Chrome/99.0.4844.84 Safari/537.36"
::1 - - [06/Apr/2022:22:12:28 +0000] "POST /api/usuario?needAuth=false HTTP/1.1" 201 500 "-" "PostmanRuntime/7.29.0"
::1 - - [06/Apr/2022:22:13:02 +0000] "GET /api/sucursales HTTP/1.1" 200 315 "-" "PostmanRuntime/7.29.0"
::1 - - [06/Apr/2022:22:15:09 +0000] "POST /api/usuario?needAuth=false HTTP/1.1" 201 569 "-" "PostmanRuntime/7.29.0"
::1 - - [06/Apr/2022:22:15:20 +0000] "GET /api/sucursales HTTP/1.1" 200 315 "-" "PostmanRuntime/7.29.0"
::1 - - [06/Apr/2022:22:15:25 +0000] "GET /api/sucursal/1 HTTP/1.1" 200 154 "-" "PostmanRuntime/7.29.0"
::1 - - [06/Apr/2022:22:15:37 +0000] "PUT /api/sucursal/1 HTTP/1.1" 201 224 "-" "PostmanRuntime/7.29.0"
::1 - - [06/Apr/2022:22:15:49 +0000] "PUT /api/sucursal/1 HTTP/1.1" 201 224 "-" "PostmanRuntime/7.29.0"
::1 - - [06/Apr/2022:22:15:55 +0000] "PUT /api/sucursal/1 HTTP/1.1" 201 224 "-" "PostmanRuntime/7.29.0"
::1 - - [06/Apr/2022:22:18:12 +0000] "PUT /api/sucursal/1 HTTP/1.1" 500 53 "-" "PostmanRuntime/7.29.0"
::1 - - [06/Apr/2022:22:18:16 +0000] "PUT /api/sucursal/1 HTTP/1.1" 500 53 "-" "PostmanRuntime/7.29.0"
::1 - - [07/Apr/2022:13:58:07 +0000] "PUT /api/sucursal/1 HTTP/1.1" 500 53 "-" "PostmanRuntime/7.29.0"
::1 - - [07/Apr/2022:13:58:14 +0000] "GET /api/usuarios?page=1&perPage=2 HTTP/1.1" 500 98 "-" "PostmanRuntime/7.29.0"
::1 - - [07/Apr/2022:13:58:42 +0000] "GET /api/usuarios?page=1&perPage=2 HTTP/1.1" 500 98 "-" "PostmanRuntime/7.29.0"
::1 - - [07/Apr/2022:13:58:50 +0000] "GET /api/usuarios?page=1&perPage=2 HTTP/1.1" 500 98 "-" "PostmanRuntime/7.29.0"
::1 - - [07/Apr/2022:13:58:57 +0000] "GET /api/usuarios?page=1&perPage=2 HTTP/1.1" 500 98 "-" "PostmanRuntime/7.29.0"
::1 - - [07/Apr/2022:13:59:11 +0000] "GET /api/usuarios?page=1&perPage=2 HTTP/1.1" 500 98 "-" "PostmanRuntime/7.29.0"
::1 - - [07/Apr/2022:13:59:17 +0000] "GET /api/usuarios?page=1&perPage=2 HTTP/1.1" 500 98 "-" "PostmanRuntime/7.29.0"
::1 - - [07/Apr/2022:19:01:22 +0000] "POST /api/usuario?needAuth=false HTTP/1.1" 201 628 "-" "PostmanRuntime/7.29.0"
::1 - - [07/Apr/2022:19:03:00 +0000] "POST /api/usuario?needAuth=false HTTP/1.1" 201 628 "-" "PostmanRuntime/7.29.0"
::1 - - [07/Apr/2022:19:03:10 +0000] "POST /api/auth HTTP/1.1" 200 730 "-" "PostmanRuntime/7.29.0"
::1 - - [07/Apr/2022:19:03:35 +0000] "GET /api/usuarios?page=1&perPage=2 HTTP/1.1" 200 - "-" "PostmanRuntime/7.29.0"
::1 - - [07/Apr/2022:19:04:48 +0000] "POST /api/auth HTTP/1.1" 200 718 "-" "PostmanRuntime/7.29.0"
::1 - - [07/Apr/2022:19:04:57 +0000] "GET /api/usuarios?page=1&perPage=2 HTTP/1.1" 200 - "-" "PostmanRuntime/7.29.0"
::1 - - [07/Apr/2022:19:09:39 +0000] "GET /api/usuario HTTP/1.1" 401 112 "-" "PostmanRuntime/7.29.0"
::1 - - [07/Apr/2022:19:09:49 +0000] "GET /api/usuario/:userId HTTP/1.1" 404 78 "-" "PostmanRuntime/7.29.0"
::1 - - [07/Apr/2022:19:10:31 +0000] "GET /api/usuario/:userId HTTP/1.1" 404 78 "-" "PostmanRuntime/7.29.0"
::1 - - [07/Apr/2022:19:10:56 +0000] "GET /api/usuario/1 HTTP/1.1" 200 588 "-" "PostmanRuntime/7.29.0"
::1 - - [07/Apr/2022:19:13:16 +0000] "GET /api/usuario/1 HTTP/1.1" 200 576 "-" "PostmanRuntime/7.29.0"
::1 - - [07/Apr/2022:19:13:37 +0000] "GET /api/usuario/1 HTTP/1.1" 200 576 "-" "PostmanRuntime/7.29.0"
::1 - - [07/Apr/2022:19:14:57 +0000] "GET /api/usuario/1 HTTP/1.1" 200 576 "-" "PostmanRuntime/7.29.0"
::1 - - [07/Apr/2022:19:15:05 +0000] "GET /api/usuario/ HTTP/1.1" 401 112 "-" "PostmanRuntime/7.29.0"
::1 - - [07/Apr/2022:19:15:52 +0000] "GET /api/usuario/ HTTP/1.1" 401 112 "-" "PostmanRuntime/7.29.0"
::1 - - [07/Apr/2022:19:18:06 +0000] "GET /api/usuario/ HTTP/1.1" 401 112 "-" "PostmanRuntime/7.29.0"
::1 - - [07/Apr/2022:19:19:03 +0000] "GET /api/usuario/ HTTP/1.1" 200 576 "-" "PostmanRuntime/7.29.0"
::1 - - [07/Apr/2022:19:19:08 +0000] "GET /api/usuario HTTP/1.1" 200 576 "-" "PostmanRuntime/7.29.0"
::1 - - [07/Apr/2022:19:19:24 +0000] "GET /api/usuario HTTP/1.1" 200 576 "-" "PostmanRuntime/7.29.0"
::1 - - [07/Apr/2022:19:19:43 +0000] "GET /api/usuario?userId=1 HTTP/1.1" 200 588 "-" "PostmanRuntime/7.29.0"
::1 - - [07/Apr/2022:19:19:46 +0000] "GET /api/usuario HTTP/1.1" 200 576 "-" "PostmanRuntime/7.29.0"
::1 - - [07/Apr/2022:19:22:50 +0000] "PUT /api/usuario/edit?recovery=false&token=false HTTP/1.1" 201 578 "-" "PostmanRuntime/7.29.0"
::1 - - [07/Apr/2022:19:24:22 +0000] "PUT /api/usuario/edit?recovery=false&token=false&userId=2 HTTP/1.1" 201 578 "-" "PostmanRuntime/7.29.0"
::1 - - [07/Apr/2022:19:26:17 +0000] "DELETE /api/usuario?userId=2 HTTP/1.1" 200 576 "-" "PostmanRuntime/7.29.0"
::1 - - [07/Apr/2022:19:26:23 +0000] "DELETE /api/usuario HTTP/1.1" 200 576 "-" "PostmanRuntime/7.29.0"
::1 - - [07/Apr/2022:19:26:30 +0000] "DELETE /api/usuario HTTP/1.1" 404 78 "-" "PostmanRuntime/7.29.0"
::1 - - [07/Apr/2022:19:54:22 +0000] "GET /api/usuarios?page=1&perPage=2 HTTP/1.1" 200 748 "-" "PostmanRuntime/7.29.0"
::1 - - [07/Apr/2022:19:54:26 +0000] "GET /api/usuario HTTP/1.1" 404 78 "-" "PostmanRuntime/7.29.0"
::1 - - [07/Apr/2022:19:54:29 +0000] "GET /api/usuario?userId=1 HTTP/1.1" 200 588 "-" "PostmanRuntime/7.29.0"
::1 - - [07/Apr/2022:19:54:36 +0000] "POST /api/usuario?needAuth=false HTTP/1.1" 201 628 "-" "PostmanRuntime/7.29.0"
::1 - - [07/Apr/2022:19:55:51 +0000] "PUT /api/usuario?email=juandacalji@gmail.com HTTP/1.1" 200 - "-" "PostmanRuntime/7.29.0"
::1 - - [07/Apr/2022:19:59:47 +0000] "PUT /api/usuario?email=juandacalji@gmail.com HTTP/1.1" 200 - "-" "PostmanRuntime/7.29.0"
::1 - - [07/Apr/2022:20:01:25 +0000] "PUT /api/usuario/edit?recovery=false&token=false HTTP/1.1" 500 87 "-" "PostmanRuntime/7.29.0"
::1 - - [07/Apr/2022:20:01:36 +0000] "PUT /api/usuario/edit?recovery=false&token=false HTTP/1.1" 500 87 "-" "PostmanRuntime/7.29.0"
::1 - - [07/Apr/2022:20:01:42 +0000] "PUT /api/usuario/edit?recovery=false&token=false&userId=2 HTTP/1.1" 500 87 "-" "PostmanRuntime/7.29.0"
::1 - - [07/Apr/2022:20:01:57 +0000] "PUT /api/usuario/edit?recovery=false&token=false&userId=1 HTTP/1.1" 201 589 "-" "PostmanRuntime/7.29.0"
::1 - - [07/Apr/2022:20:02:39 +0000] "PUT /api/usuario/edit?recovery=true&token=false&userId=1 HTTP/1.1" 401 71 "-" "PostmanRuntime/7.29.0"
::1 - - [07/Apr/2022:20:02:45 +0000] "GET /reset/password/81462894ccbba54f8c6245e296edf203757ae21dd145ebe36d80b844b1908a33 HTTP/1.1" 401 112 "-" "Mozilla/5.0 (Windows NT 10.0; Win64; x64) AppleWebKit/537.36 (KHTML, like Gecko) Chrome/100.0.4896.75 Safari/537.36"
::1 - - [07/Apr/2022:20:02:46 +0000] "GET /favicon.ico HTTP/1.1" 401 112 "-" "Mozilla/5.0 (Windows NT 10.0; Win64; x64) AppleWebKit/537.36 (KHTML, like Gecko) Chrome/100.0.4896.75 Safari/537.36"
::1 - - [07/Apr/2022:20:03:13 +0000] "PUT /api/usuario/edit?recovery=true&token=81462894ccbba54f8c6245e296edf203757ae21dd145ebe36d80b844b1908a33&userId=1 HTTP/1.1" 201 623 "-" "PostmanRuntime/7.29.0"
::1 - - [07/Apr/2022:20:03:33 +0000] "GET /api/sucursales HTTP/1.1" 200 383 "-" "PostmanRuntime/7.29.0"
::1 - - [07/Apr/2022:20:03:43 +0000] "GET /api/sucursal/1 HTTP/1.1" 200 222 "-" "PostmanRuntime/7.29.0"
::1 - - [07/Apr/2022:20:04:07 +0000] "POST /api/sucursal HTTP/1.1" 201 168 "-" "PostmanRuntime/7.29.0"
::1 - - [07/Apr/2022:20:09:01 +0000] "POST /api/sucursal HTTP/1.1" 422 389 "-" "PostmanRuntime/7.29.0"
::1 - - [07/Apr/2022:20:12:53 +0000] "POST /api/sucursal HTTP/1.1" 422 389 "-" "PostmanRuntime/7.29.0"
::1 - - [07/Apr/2022:20:13:15 +0000] "POST /api/sucursal HTTP/1.1" 201 242 "-" "PostmanRuntime/7.29.0"
::1 - - [07/Apr/2022:20:13:35 +0000] "PUT /api/sucursal/2 HTTP/1.1" 201 237 "-" "PostmanRuntime/7.29.0"
::1 - - [07/Apr/2022:20:18:22 +0000] "PUT /api/sucursal/2 HTTP/1.1" 201 237 "-" "PostmanRuntime/7.29.0"
::1 - - [07/Apr/2022:20:49:02 +0000] "GET /api/productoss HTTP/1.1" 401 112 "-" "PostmanRuntime/7.29.0"
::1 - - [07/Apr/2022:20:49:10 +0000] "GET /api/productos?productId=1 HTTP/1.1" 200 575 "-" "PostmanRuntime/7.29.0"
::1 - - [07/Apr/2022:20:49:32 +0000] "GET /api/productos HTTP/1.1" 200 575 "-" "PostmanRuntime/7.29.0"
::1 - - [07/Apr/2022:20:49:38 +0000] "GET /api/productos HTTP/1.1" 200 575 "-" "PostmanRuntime/7.29.0"
::1 - - [07/Apr/2022:20:49:47 +0000] "GET /api/productos?productRef=t02 HTTP/1.1" 200 575 "-" "PostmanRuntime/7.29.0"
::1 - - [07/Apr/2022:20:50:19 +0000] "GET /api/productos?productRef=t02 HTTP/1.1" 200 575 "-" "PostmanRuntime/7.29.0"
::1 - - [07/Apr/2022:20:51:09 +0000] "GET /api/productos HTTP/1.1" 200 575 "-" "PostmanRuntime/7.29.0"
::1 - - [07/Apr/2022:20:51:14 +0000] "GET /api/productos?page&perPage=2 HTTP/1.1" 200 575 "-" "PostmanRuntime/7.29.0"
::1 - - [07/Apr/2022:20:51:17 +0000] "GET /api/productos?page&perPage=2 HTTP/1.1" 200 575 "-" "PostmanRuntime/7.29.0"
::1 - - [07/Apr/2022:21:01:12 +0000] "GET /api/producto HTTP/1.1" 422 78 "-" "PostmanRuntime/7.29.0"
::1 - - [07/Apr/2022:21:01:36 +0000] "POST /api/producto HTTP/1.1" 201 420 "-" "PostmanRuntime/7.29.0"
::1 - - [07/Apr/2022:21:01:45 +0000] "GET /api/producto HTTP/1.1" 422 78 "-" "PostmanRuntime/7.29.0"
::1 - - [07/Apr/2022:21:01:46 +0000] "GET /api/producto?productId=1 HTTP/1.1" 200 422 "-" "PostmanRuntime/7.29.0"
::1 - - [07/Apr/2022:21:01:51 +0000] "GET /api/producto?productId=2 HTTP/1.1" 200 425 "-" "PostmanRuntime/7.29.0"
::1 - - [07/Apr/2022:21:01:55 +0000] "GET /api/producto?productRef=t02 HTTP/1.1" 200 433 "-" "PostmanRuntime/7.29.0"
::1 - - [07/Apr/2022:21:01:58 +0000] "GET /api/producto?productRef=t01 HTTP/1.1" 200 430 "-" "PostmanRuntime/7.29.0"
::1 - - [07/Apr/2022:21:02:13 +0000] "PUT /api/producto/2 HTTP/1.1" 201 420 "-" "PostmanRuntime/7.29.0"
::1 - - [07/Apr/2022:21:02:27 +0000] "GET /api/ventas?page=&perPage=1 HTTP/1.1" 404 89 "-" "PostmanRuntime/7.29.0"
::1 - - [07/Apr/2022:21:02:31 +0000] "GET /api/venta?ref_key=6d45e8e66993 HTTP/1.1" 404 94 "-" "PostmanRuntime/7.29.0"
::1 - - [07/Apr/2022:21:02:35 +0000] "GET /api/venta/productos?ref_key=6d45e8e66993 HTTP/1.1" 402 82 "-" "PostmanRuntime/7.29.0"
::1 - - [07/Apr/2022:21:02:53 +0000] "POST /api/venta HTTP/1.1" 500 72 "-" "PostmanRuntime/7.29.0"
::1 - - [07/Apr/2022:21:03:02 +0000] "POST /api/venta HTTP/1.1" 200 410 "-" "PostmanRuntime/7.29.0"
::1 - - [07/Apr/2022:21:03:08 +0000] "GET /api/ventas?page=&perPage=1 HTTP/1.1" 200 - "-" "PostmanRuntime/7.29.0"
::1 - - [07/Apr/2022:21:03:44 +0000] "GET /api/ventas?page=&perPage=1 HTTP/1.1" 200 945 "-" "PostmanRuntime/7.29.0"
::1 - - [07/Apr/2022:21:03:57 +0000] "GET /api/ventas?page=&perPage=1 HTTP/1.1" 200 961 "-" "PostmanRuntime/7.29.0"
::1 - - [07/Apr/2022:21:04:19 +0000] "GET /api/venta?saleId=1 HTTP/1.1" 200 1018 "-" "PostmanRuntime/7.29.0"
::1 - - [07/Apr/2022:21:04:31 +0000] "GET /api/venta?ref_key=8c1aad0b6485 HTTP/1.1" 200 1023 "-" "PostmanRuntime/7.29.0"
::1 - - [07/Apr/2022:21:04:39 +0000] "GET /api/venta/productos?ref_key=6d45e8e66993 HTTP/1.1" 402 82 "-" "PostmanRuntime/7.29.0"
::1 - - [07/Apr/2022:21:04:41 +0000] "GET /api/venta/productos?ref_key=8c1aad0b6485 HTTP/1.1" 200 678 "-" "PostmanRuntime/7.29.0"
::1 - - [07/Apr/2022:21:04:55 +0000] "GET /api/venta?ref_key=8c1aad0b6485 HTTP/1.1" 200 1023 "-" "PostmanRuntime/7.29.0"
::1 - - [08/Apr/2022:02:12:31 +0000] "PUT /api/usuario HTTP/1.1" 422 125 "-" "PostmanRuntime/7.29.0"
::1 - - [08/Apr/2022:02:13:24 +0000] "PUT /api/usuario HTTP/1.1" 422 125 "-" "PostmanRuntime/7.29.0"
::1 - - [08/Apr/2022:02:13:38 +0000] "PUT /api/usuario?email=65465 HTTP/1.1" 422 291 "-" "PostmanRuntime/7.29.0"
::1 - - [04/May/2022:01:31:40 +0000] "GET / HTTP/1.1" 401 112 "-" "Mozilla/5.0 (Windows NT 10.0; Win64; x64) AppleWebKit/537.36 (KHTML, like Gecko) Chrome/101.0.4951.54 Safari/537.36"
::1 - - [04/May/2022:01:31:40 +0000] "GET /favicon.ico HTTP/1.1" 401 112 "-" "Mozilla/5.0 (Windows NT 10.0; Win64; x64) AppleWebKit/537.36 (KHTML, like Gecko) Chrome/101.0.4951.54 Safari/537.36"
::1 - - [04/May/2022:01:33:10 +0000] "GET /api/usuarios?page=1&perPage=2 HTTP/1.1" 500 98 "-" "PostmanRuntime/7.29.0"
::1 - - [04/May/2022:01:33:20 +0000] "GET /api/usuario?userId=1 HTTP/1.1" 500 98 "-" "PostmanRuntime/7.29.0"
::1 - - [04/May/2022:01:34:02 +0000] "POST /api/usuario?needAuth=false HTTP/1.1" 201 587 "-" "PostmanRuntime/7.29.0"
::1 - - [04/May/2022:20:12:20 +0000] "POST /api/auth HTTP/1.1" 200 677 "-" "PostmanRuntime/7.29.0"
::1 - - [04/May/2022:20:12:31 +0000] "GET /api/usuarios?page=1&perPage=2 HTTP/1.1" 500 98 "-" "PostmanRuntime/7.29.0"
::1 - - [04/May/2022:20:12:54 +0000] "GET /api/usuarios?page=1&perPage=2 HTTP/1.1" 200 695 "-" "PostmanRuntime/7.29.0"
::1 - - [04/May/2022:20:31:14 +0000] "OPTIONS /api/auth HTTP/1.1" 204 0 "http://localhost:4200/" "Mozilla/5.0 (Windows NT 10.0; Win64; x64) AppleWebKit/537.36 (KHTML, like Gecko) Chrome/101.0.4951.54 Safari/537.36"
::1 - - [04/May/2022:20:31:14 +0000] "POST /api/auth HTTP/1.1" 200 677 "http://localhost:4200/" "Mozilla/5.0 (Windows NT 10.0; Win64; x64) AppleWebKit/537.36 (KHTML, like Gecko) Chrome/101.0.4951.54 Safari/537.36"
::1 - - [04/May/2022:20:31:26 +0000] "OPTIONS /api/auth HTTP/1.1" 204 0 "http://localhost:4200/" "Mozilla/5.0 (Windows NT 10.0; Win64; x64) AppleWebKit/537.36 (KHTML, like Gecko) Chrome/101.0.4951.54 Safari/537.36"
::1 - - [04/May/2022:20:31:26 +0000] "POST /api/auth HTTP/1.1" 200 677 "http://localhost:4200/" "Mozilla/5.0 (Windows NT 10.0; Win64; x64) AppleWebKit/537.36 (KHTML, like Gecko) Chrome/101.0.4951.54 Safari/537.36"
::1 - - [04/May/2022:20:36:59 +0000] "OPTIONS /api/auth HTTP/1.1" 204 0 "http://localhost:4200/" "Mozilla/5.0 (Windows NT 10.0; Win64; x64) AppleWebKit/537.36 (KHTML, like Gecko) Chrome/101.0.4951.54 Safari/537.36"
::1 - - [04/May/2022:20:36:59 +0000] "POST /api/auth HTTP/1.1" 200 677 "http://localhost:4200/" "Mozilla/5.0 (Windows NT 10.0; Win64; x64) AppleWebKit/537.36 (KHTML, like Gecko) Chrome/101.0.4951.54 Safari/537.36"
::1 - - [04/May/2022:20:40:14 +0000] "OPTIONS /api/auth HTTP/1.1" 204 0 "http://localhost:4200/" "Mozilla/5.0 (Windows NT 10.0; Win64; x64) AppleWebKit/537.36 (KHTML, like Gecko) Chrome/101.0.4951.54 Safari/537.36"
::1 - - [04/May/2022:20:40:14 +0000] "POST /api/auth HTTP/1.1" 403 98 "http://localhost:4200/" "Mozilla/5.0 (Windows NT 10.0; Win64; x64) AppleWebKit/537.36 (KHTML, like Gecko) Chrome/101.0.4951.54 Safari/537.36"
::1 - - [04/May/2022:20:40:20 +0000] "OPTIONS /api/auth HTTP/1.1" 204 0 "http://localhost:4200/" "Mozilla/5.0 (Windows NT 10.0; Win64; x64) AppleWebKit/537.36 (KHTML, like Gecko) Chrome/101.0.4951.54 Safari/537.36"
::1 - - [04/May/2022:20:40:20 +0000] "POST /api/auth HTTP/1.1" 200 677 "http://localhost:4200/" "Mozilla/5.0 (Windows NT 10.0; Win64; x64) AppleWebKit/537.36 (KHTML, like Gecko) Chrome/101.0.4951.54 Safari/537.36"
::1 - - [04/May/2022:20:48:06 +0000] "OPTIONS /api/auth HTTP/1.1" 204 0 "http://localhost:4200/" "Mozilla/5.0 (Windows NT 10.0; Win64; x64) AppleWebKit/537.36 (KHTML, like Gecko) Chrome/101.0.4951.54 Safari/537.36"
::1 - - [04/May/2022:20:48:06 +0000] "POST /api/auth HTTP/1.1" 422 85 "http://localhost:4200/" "Mozilla/5.0 (Windows NT 10.0; Win64; x64) AppleWebKit/537.36 (KHTML, like Gecko) Chrome/101.0.4951.54 Safari/537.36"
::1 - - [04/May/2022:20:48:20 +0000] "OPTIONS /api/auth HTTP/1.1" 204 0 "http://localhost:4200/" "Mozilla/5.0 (Windows NT 10.0; Win64; x64) AppleWebKit/537.36 (KHTML, like Gecko) Chrome/101.0.4951.54 Safari/537.36"
::1 - - [04/May/2022:20:48:20 +0000] "POST /api/auth HTTP/1.1" 422 85 "http://localhost:4200/" "Mozilla/5.0 (Windows NT 10.0; Win64; x64) AppleWebKit/537.36 (KHTML, like Gecko) Chrome/101.0.4951.54 Safari/537.36"
::1 - - [04/May/2022:20:48:39 +0000] "POST /api/auth HTTP/1.1" 200 677 "-" "PostmanRuntime/7.29.0"
::1 - - [04/May/2022:20:48:53 +0000] "OPTIONS /api/auth HTTP/1.1" 204 0 "http://localhost:4200/" "Mozilla/5.0 (Windows NT 10.0; Win64; x64) AppleWebKit/537.36 (KHTML, like Gecko) Chrome/101.0.4951.54 Safari/537.36"
::1 - - [04/May/2022:20:48:53 +0000] "POST /api/auth HTTP/1.1" 422 85 "http://localhost:4200/" "Mozilla/5.0 (Windows NT 10.0; Win64; x64) AppleWebKit/537.36 (KHTML, like Gecko) Chrome/101.0.4951.54 Safari/537.36"
::1 - - [04/May/2022:20:49:32 +0000] "OPTIONS /api/auth HTTP/1.1" 204 0 "http://localhost:4200/" "Mozilla/5.0 (Windows NT 10.0; Win64; x64) AppleWebKit/537.36 (KHTML, like Gecko) Chrome/101.0.4951.54 Safari/537.36"
::1 - - [04/May/2022:20:49:32 +0000] "POST /api/auth HTTP/1.1" 422 85 "http://localhost:4200/" "Mozilla/5.0 (Windows NT 10.0; Win64; x64) AppleWebKit/537.36 (KHTML, like Gecko) Chrome/101.0.4951.54 Safari/537.36"
::1 - - [04/May/2022:20:50:04 +0000] "OPTIONS /api/auth HTTP/1.1" 204 0 "http://localhost:4200/" "Mozilla/5.0 (Windows NT 10.0; Win64; x64) AppleWebKit/537.36 (KHTML, like Gecko) Chrome/101.0.4951.54 Safari/537.36"
::1 - - [04/May/2022:20:50:04 +0000] "POST /api/auth HTTP/1.1" 200 677 "http://localhost:4200/" "Mozilla/5.0 (Windows NT 10.0; Win64; x64) AppleWebKit/537.36 (KHTML, like Gecko) Chrome/101.0.4951.54 Safari/537.36"
::1 - - [04/May/2022:20:50:06 +0000] "POST /api/auth HTTP/1.1" 200 677 "http://localhost:4200/" "Mozilla/5.0 (Windows NT 10.0; Win64; x64) AppleWebKit/537.36 (KHTML, like Gecko) Chrome/101.0.4951.54 Safari/537.36"
::1 - - [04/May/2022:20:57:49 +0000] "OPTIONS /api/auth HTTP/1.1" 204 0 "http://localhost:4200/" "Mozilla/5.0 (Windows NT 10.0; Win64; x64) AppleWebKit/537.36 (KHTML, like Gecko) Chrome/101.0.4951.54 Safari/537.36"
::1 - - [04/May/2022:20:57:49 +0000] "POST /api/auth HTTP/1.1" 200 677 "http://localhost:4200/" "Mozilla/5.0 (Windows NT 10.0; Win64; x64) AppleWebKit/537.36 (KHTML, like Gecko) Chrome/101.0.4951.54 Safari/537.36"
::1 - - [04/May/2022:20:57:51 +0000] "POST /api/auth HTTP/1.1" 403 98 "http://localhost:4200/" "Mozilla/5.0 (Windows NT 10.0; Win64; x64) AppleWebKit/537.36 (KHTML, like Gecko) Chrome/101.0.4951.54 Safari/537.36"
::1 - - [04/May/2022:20:58:36 +0000] "OPTIONS /api/auth HTTP/1.1" 204 0 "http://localhost:4200/" "Mozilla/5.0 (Windows NT 10.0; Win64; x64) AppleWebKit/537.36 (KHTML, like Gecko) Chrome/101.0.4951.54 Safari/537.36"
::1 - - [04/May/2022:20:58:36 +0000] "POST /api/auth HTTP/1.1" 403 98 "http://localhost:4200/" "Mozilla/5.0 (Windows NT 10.0; Win64; x64) AppleWebKit/537.36 (KHTML, like Gecko) Chrome/101.0.4951.54 Safari/537.36"
::1 - - [04/May/2022:20:58:49 +0000] "OPTIONS /api/auth HTTP/1.1" 204 0 "http://localhost:4200/" "Mozilla/5.0 (Windows NT 10.0; Win64; x64) AppleWebKit/537.36 (KHTML, like Gecko) Chrome/101.0.4951.54 Safari/537.36"
::1 - - [04/May/2022:20:58:49 +0000] "POST /api/auth HTTP/1.1" 403 98 "http://localhost:4200/" "Mozilla/5.0 (Windows NT 10.0; Win64; x64) AppleWebKit/537.36 (KHTML, like Gecko) Chrome/101.0.4951.54 Safari/537.36"
::1 - - [04/May/2022:20:59:05 +0000] "OPTIONS /api/auth HTTP/1.1" 204 0 "http://localhost:4200/" "Mozilla/5.0 (Windows NT 10.0; Win64; x64) AppleWebKit/537.36 (KHTML, like Gecko) Chrome/101.0.4951.54 Safari/537.36"
::1 - - [04/May/2022:20:59:05 +0000] "POST /api/auth HTTP/1.1" 404 111 "http://localhost:4200/" "Mozilla/5.0 (Windows NT 10.0; Win64; x64) AppleWebKit/537.36 (KHTML, like Gecko) Chrome/101.0.4951.54 Safari/537.36"
::1 - - [04/May/2022:20:59:14 +0000] "OPTIONS /api/auth HTTP/1.1" 204 0 "http://localhost:4200/" "Mozilla/5.0 (Windows NT 10.0; Win64; x64) AppleWebKit/537.36 (KHTML, like Gecko) Chrome/101.0.4951.54 Safari/537.36"
::1 - - [04/May/2022:20:59:14 +0000] "POST /api/auth HTTP/1.1" 404 111 "http://localhost:4200/" "Mozilla/5.0 (Windows NT 10.0; Win64; x64) AppleWebKit/537.36 (KHTML, like Gecko) Chrome/101.0.4951.54 Safari/537.36"
::1 - - [04/May/2022:20:59:56 +0000] "OPTIONS /api/auth HTTP/1.1" 204 0 "http://localhost:4200/" "Mozilla/5.0 (Windows NT 10.0; Win64; x64) AppleWebKit/537.36 (KHTML, like Gecko) Chrome/101.0.4951.54 Safari/537.36"
::1 - - [04/May/2022:20:59:56 +0000] "POST /api/auth HTTP/1.1" 403 98 "http://localhost:4200/" "Mozilla/5.0 (Windows NT 10.0; Win64; x64) AppleWebKit/537.36 (KHTML, like Gecko) Chrome/101.0.4951.54 Safari/537.36"
::1 - - [04/May/2022:21:00:08 +0000] "OPTIONS /api/auth HTTP/1.1" 204 0 "http://localhost:4200/" "Mozilla/5.0 (Windows NT 10.0; Win64; x64) AppleWebKit/537.36 (KHTML, like Gecko) Chrome/101.0.4951.54 Safari/537.36"
::1 - - [04/May/2022:21:00:08 +0000] "POST /api/auth HTTP/1.1" 403 98 "http://localhost:4200/" "Mozilla/5.0 (Windows NT 10.0; Win64; x64) AppleWebKit/537.36 (KHTML, like Gecko) Chrome/101.0.4951.54 Safari/537.36"
::1 - - [04/May/2022:21:03:06 +0000] "OPTIONS /api/auth HTTP/1.1" 204 0 "http://localhost:4200/" "Mozilla/5.0 (Windows NT 10.0; Win64; x64) AppleWebKit/537.36 (KHTML, like Gecko) Chrome/101.0.4951.54 Safari/537.36"
::1 - - [04/May/2022:21:03:06 +0000] "POST /api/auth HTTP/1.1" 403 98 "http://localhost:4200/" "Mozilla/5.0 (Windows NT 10.0; Win64; x64) AppleWebKit/537.36 (KHTML, like Gecko) Chrome/101.0.4951.54 Safari/537.36"
::1 - - [04/May/2022:21:03:17 +0000] "OPTIONS /api/auth HTTP/1.1" 204 0 "http://localhost:4200/" "Mozilla/5.0 (Windows NT 10.0; Win64; x64) AppleWebKit/537.36 (KHTML, like Gecko) Chrome/101.0.4951.54 Safari/537.36"
::1 - - [04/May/2022:21:03:17 +0000] "POST /api/auth HTTP/1.1" 200 677 "http://localhost:4200/" "Mozilla/5.0 (Windows NT 10.0; Win64; x64) AppleWebKit/537.36 (KHTML, like Gecko) Chrome/101.0.4951.54 Safari/537.36"
::1 - - [04/May/2022:21:04:29 +0000] "OPTIONS /api/auth HTTP/1.1" 204 0 "http://localhost:4200/" "Mozilla/5.0 (Windows NT 10.0; Win64; x64) AppleWebKit/537.36 (KHTML, like Gecko) Chrome/101.0.4951.54 Safari/537.36"
::1 - - [04/May/2022:21:04:29 +0000] "POST /api/auth HTTP/1.1" 200 677 "http://localhost:4200/" "Mozilla/5.0 (Windows NT 10.0; Win64; x64) AppleWebKit/537.36 (KHTML, like Gecko) Chrome/101.0.4951.54 Safari/537.36"
::1 - - [04/May/2022:21:04:45 +0000] "OPTIONS /api/auth HTTP/1.1" 204 0 "http://localhost:4200/" "Mozilla/5.0 (Windows NT 10.0; Win64; x64) AppleWebKit/537.36 (KHTML, like Gecko) Chrome/101.0.4951.54 Safari/537.36"
::1 - - [04/May/2022:21:04:45 +0000] "POST /api/auth HTTP/1.1" 403 98 "http://localhost:4200/" "Mozilla/5.0 (Windows NT 10.0; Win64; x64) AppleWebKit/537.36 (KHTML, like Gecko) Chrome/101.0.4951.54 Safari/537.36"
::1 - - [04/May/2022:21:05:20 +0000] "OPTIONS /api/auth HTTP/1.1" 204 0 "http://localhost:4200/" "Mozilla/5.0 (Windows NT 10.0; Win64; x64) AppleWebKit/537.36 (KHTML, like Gecko) Chrome/101.0.4951.54 Safari/537.36"
::1 - - [04/May/2022:21:05:20 +0000] "POST /api/auth HTTP/1.1" 403 98 "http://localhost:4200/" "Mozilla/5.0 (Windows NT 10.0; Win64; x64) AppleWebKit/537.36 (KHTML, like Gecko) Chrome/101.0.4951.54 Safari/537.36"
::1 - - [04/May/2022:21:05:27 +0000] "OPTIONS /api/auth HTTP/1.1" 204 0 "http://localhost:4200/" "Mozilla/5.0 (Windows NT 10.0; Win64; x64) AppleWebKit/537.36 (KHTML, like Gecko) Chrome/101.0.4951.54 Safari/537.36"
::1 - - [04/May/2022:21:05:28 +0000] "POST /api/auth HTTP/1.1" 200 677 "http://localhost:4200/" "Mozilla/5.0 (Windows NT 10.0; Win64; x64) AppleWebKit/537.36 (KHTML, like Gecko) Chrome/101.0.4951.54 Safari/537.36"
::1 - - [04/May/2022:21:05:50 +0000] "OPTIONS /api/auth HTTP/1.1" 204 0 "http://localhost:4200/" "Mozilla/5.0 (Windows NT 10.0; Win64; x64) AppleWebKit/537.36 (KHTML, like Gecko) Chrome/101.0.4951.54 Safari/537.36"
::1 - - [04/May/2022:21:05:50 +0000] "POST /api/auth HTTP/1.1" 200 677 "http://localhost:4200/" "Mozilla/5.0 (Windows NT 10.0; Win64; x64) AppleWebKit/537.36 (KHTML, like Gecko) Chrome/101.0.4951.54 Safari/537.36"
::1 - - [04/May/2022:21:08:21 +0000] "OPTIONS /api/auth HTTP/1.1" 204 0 "http://localhost:4200/" "Mozilla/5.0 (Windows NT 10.0; Win64; x64) AppleWebKit/537.36 (KHTML, like Gecko) Chrome/101.0.4951.54 Safari/537.36"
::1 - - [04/May/2022:21:08:21 +0000] "POST /api/auth HTTP/1.1" 404 111 "http://localhost:4200/" "Mozilla/5.0 (Windows NT 10.0; Win64; x64) AppleWebKit/537.36 (KHTML, like Gecko) Chrome/101.0.4951.54 Safari/537.36"
::1 - - [04/May/2022:21:08:42 +0000] "OPTIONS /api/auth HTTP/1.1" 204 0 "http://localhost:4200/" "Mozilla/5.0 (Windows NT 10.0; Win64; x64) AppleWebKit/537.36 (KHTML, like Gecko) Chrome/101.0.4951.54 Safari/537.36"
::1 - - [04/May/2022:21:08:42 +0000] "POST /api/auth HTTP/1.1" 403 98 "http://localhost:4200/" "Mozilla/5.0 (Windows NT 10.0; Win64; x64) AppleWebKit/537.36 (KHTML, like Gecko) Chrome/101.0.4951.54 Safari/537.36"
::1 - - [04/May/2022:21:09:07 +0000] "OPTIONS /api/auth HTTP/1.1" 204 0 "http://localhost:4200/" "Mozilla/5.0 (Windows NT 10.0; Win64; x64) AppleWebKit/537.36 (KHTML, like Gecko) Chrome/101.0.4951.54 Safari/537.36"
::1 - - [04/May/2022:21:09:07 +0000] "POST /api/auth HTTP/1.1" 403 98 "http://localhost:4200/" "Mozilla/5.0 (Windows NT 10.0; Win64; x64) AppleWebKit/537.36 (KHTML, like Gecko) Chrome/101.0.4951.54 Safari/537.36"
::1 - - [04/May/2022:21:09:31 +0000] "OPTIONS /api/auth HTTP/1.1" 204 0 "http://localhost:4200/" "Mozilla/5.0 (Windows NT 10.0; Win64; x64) AppleWebKit/537.36 (KHTML, like Gecko) Chrome/101.0.4951.54 Safari/537.36"
::1 - - [04/May/2022:21:09:31 +0000] "POST /api/auth HTTP/1.1" 403 98 "http://localhost:4200/" "Mozilla/5.0 (Windows NT 10.0; Win64; x64) AppleWebKit/537.36 (KHTML, like Gecko) Chrome/101.0.4951.54 Safari/537.36"
::1 - - [04/May/2022:21:10:42 +0000] "OPTIONS /api/auth HTTP/1.1" 204 0 "http://localhost:4200/" "Mozilla/5.0 (Windows NT 10.0; Win64; x64) AppleWebKit/537.36 (KHTML, like Gecko) Chrome/101.0.4951.54 Safari/537.36"
::1 - - [04/May/2022:21:10:42 +0000] "POST /api/auth HTTP/1.1" 404 111 "http://localhost:4200/" "Mozilla/5.0 (Windows NT 10.0; Win64; x64) AppleWebKit/537.36 (KHTML, like Gecko) Chrome/101.0.4951.54 Safari/537.36"
::1 - - [04/May/2022:21:10:56 +0000] "OPTIONS /api/auth HTTP/1.1" 204 0 "http://localhost:4200/" "Mozilla/5.0 (Windows NT 10.0; Win64; x64) AppleWebKit/537.36 (KHTML, like Gecko) Chrome/101.0.4951.54 Safari/537.36"
::1 - - [04/May/2022:21:10:56 +0000] "POST /api/auth HTTP/1.1" 404 111 "http://localhost:4200/" "Mozilla/5.0 (Windows NT 10.0; Win64; x64) AppleWebKit/537.36 (KHTML, like Gecko) Chrome/101.0.4951.54 Safari/537.36"
::1 - - [04/May/2022:21:11:12 +0000] "OPTIONS /api/auth HTTP/1.1" 204 0 "http://localhost:4200/" "Mozilla/5.0 (Windows NT 10.0; Win64; x64) AppleWebKit/537.36 (KHTML, like Gecko) Chrome/101.0.4951.54 Safari/537.36"
::1 - - [04/May/2022:21:11:13 +0000] "POST /api/auth HTTP/1.1" 403 98 "http://localhost:4200/" "Mozilla/5.0 (Windows NT 10.0; Win64; x64) AppleWebKit/537.36 (KHTML, like Gecko) Chrome/101.0.4951.54 Safari/537.36"
::1 - - [04/May/2022:21:11:20 +0000] "OPTIONS /api/auth HTTP/1.1" 204 0 "http://localhost:4200/" "Mozilla/5.0 (Windows NT 10.0; Win64; x64) AppleWebKit/537.36 (KHTML, like Gecko) Chrome/101.0.4951.54 Safari/537.36"
::1 - - [04/May/2022:21:11:20 +0000] "POST /api/auth HTTP/1.1" 200 677 "http://localhost:4200/" "Mozilla/5.0 (Windows NT 10.0; Win64; x64) AppleWebKit/537.36 (KHTML, like Gecko) Chrome/101.0.4951.54 Safari/537.36"
::1 - - [04/May/2022:21:16:11 +0000] "PUT /api/usuario?email=juandacalji@gmail.com HTTP/1.1" 401 101 "-" "PostmanRuntime/7.29.0"
::1 - - [04/May/2022:21:18:38 +0000] "PUT /api/usuario?email=juandacalji@gmail.com HTTP/1.1" 401 101 "-" "PostmanRuntime/7.29.0"
::1 - - [04/May/2022:21:19:05 +0000] "PUT /api/usuario/edit HTTP/1.1" 422 85 "-" "PostmanRuntime/7.29.0"
::1 - - [04/May/2022:21:19:15 +0000] "PUT /api/usuario?email=juandacalji@gmail.com HTTP/1.1" 401 101 "-" "PostmanRuntime/7.29.0"
::1 - - [04/May/2022:21:22:26 +0000] "PUT /api/usuario?email=juandacalji@gmail.com&needAuth=false HTTP/1.1" 200 - "-" "PostmanRuntime/7.29.0"
::1 - - [04/May/2022:21:31:06 +0000] "OPTIONS /api/usuario HTTP/1.1" 204 0 "http://localhost:4200/" "Mozilla/5.0 (Windows NT 10.0; Win64; x64) AppleWebKit/537.36 (KHTML, like Gecko) Chrome/101.0.4951.54 Safari/537.36"
::1 - - [04/May/2022:21:31:06 +0000] "PUT /api/usuario HTTP/1.1" 401 101 "http://localhost:4200/" "Mozilla/5.0 (Windows NT 10.0; Win64; x64) AppleWebKit/537.36 (KHTML, like Gecko) Chrome/101.0.4951.54 Safari/537.36"
::1 - - [04/May/2022:21:31:34 +0000] "OPTIONS /api/usuario HTTP/1.1" 204 0 "http://localhost:4200/" "Mozilla/5.0 (Windows NT 10.0; Win64; x64) AppleWebKit/537.36 (KHTML, like Gecko) Chrome/101.0.4951.54 Safari/537.36"
::1 - - [04/May/2022:21:31:34 +0000] "PUT /api/usuario HTTP/1.1" 401 101 "http://localhost:4200/" "Mozilla/5.0 (Windows NT 10.0; Win64; x64) AppleWebKit/537.36 (KHTML, like Gecko) Chrome/101.0.4951.54 Safari/537.36"
::1 - - [04/May/2022:21:36:12 +0000] "OPTIONS /api/usuario HTTP/1.1" 204 0 "http://localhost:4200/" "Mozilla/5.0 (Windows NT 10.0; Win64; x64) AppleWebKit/537.36 (KHTML, like Gecko) Chrome/101.0.4951.54 Safari/537.36"
::1 - - [04/May/2022:21:36:12 +0000] "PUT /api/usuario HTTP/1.1" 401 101 "http://localhost:4200/" "Mozilla/5.0 (Windows NT 10.0; Win64; x64) AppleWebKit/537.36 (KHTML, like Gecko) Chrome/101.0.4951.54 Safari/537.36"
::1 - - [04/May/2022:21:36:59 +0000] "OPTIONS /api/usuario?needAuth=false&email=juandacalji@gmail.com HTTP/1.1" 204 0 "http://localhost:4200/" "Mozilla/5.0 (Windows NT 10.0; Win64; x64) AppleWebKit/537.36 (KHTML, like Gecko) Chrome/101.0.4951.54 Safari/537.36"
::1 - - [04/May/2022:21:37:00 +0000] "PUT /api/usuario?needAuth=false&email=juandacalji@gmail.com HTTP/1.1" 200 - "http://localhost:4200/" "Mozilla/5.0 (Windows NT 10.0; Win64; x64) AppleWebKit/537.36 (KHTML, like Gecko) Chrome/101.0.4951.54 Safari/537.36"
::1 - - [04/May/2022:21:37:45 +0000] "OPTIONS /api/usuario?needAuth=false&email=jcalderon@rccl.com HTTP/1.1" 204 0 "http://localhost:4200/" "Mozilla/5.0 (Windows NT 10.0; Win64; x64) AppleWebKit/537.36 (KHTML, like Gecko) Chrome/101.0.4951.54 Safari/537.36"
::1 - - [04/May/2022:21:37:45 +0000] "PUT /api/usuario?needAuth=false&email=jcalderon@rccl.com HTTP/1.1" 422 217 "http://localhost:4200/" "Mozilla/5.0 (Windows NT 10.0; Win64; x64) AppleWebKit/537.36 (KHTML, like Gecko) Chrome/101.0.4951.54 Safari/537.36"
::1 - - [04/May/2022:21:37:53 +0000] "OPTIONS /api/usuario?needAuth=false&email=juandacalji@gmail.com HTTP/1.1" 204 0 "http://localhost:4200/" "Mozilla/5.0 (Windows NT 10.0; Win64; x64) AppleWebKit/537.36 (KHTML, like Gecko) Chrome/101.0.4951.54 Safari/537.36"
::1 - - [04/May/2022:21:37:54 +0000] "PUT /api/usuario?needAuth=false&email=juandacalji@gmail.com HTTP/1.1" 200 - "http://localhost:4200/" "Mozilla/5.0 (Windows NT 10.0; Win64; x64) AppleWebKit/537.36 (KHTML, like Gecko) Chrome/101.0.4951.54 Safari/537.36"
::1 - - [05/May/2022:02:46:14 +0000] "OPTIONS /api/auth HTTP/1.1" 204 0 "http://localhost:4200/" "Mozilla/5.0 (Windows NT 10.0; Win64; x64) AppleWebKit/537.36 (KHTML, like Gecko) Chrome/101.0.4951.54 Safari/537.36"
::1 - - [05/May/2022:02:46:14 +0000] "POST /api/auth HTTP/1.1" 200 677 "http://localhost:4200/" "Mozilla/5.0 (Windows NT 10.0; Win64; x64) AppleWebKit/537.36 (KHTML, like Gecko) Chrome/101.0.4951.54 Safari/537.36"
::1 - - [05/May/2022:02:46:19 +0000] "POST /api/auth HTTP/1.1" 403 98 "http://localhost:4200/" "Mozilla/5.0 (Windows NT 10.0; Win64; x64) AppleWebKit/537.36 (KHTML, like Gecko) Chrome/101.0.4951.54 Safari/537.36"
::1 - - [05/May/2022:02:47:22 +0000] "OPTIONS /api/auth HTTP/1.1" 204 0 "http://localhost:4200/" "Mozilla/5.0 (Windows NT 10.0; Win64; x64) AppleWebKit/537.36 (KHTML, like Gecko) Chrome/101.0.4951.54 Safari/537.36"
::1 - - [05/May/2022:02:47:22 +0000] "POST /api/auth HTTP/1.1" 403 98 "http://localhost:4200/" "Mozilla/5.0 (Windows NT 10.0; Win64; x64) AppleWebKit/537.36 (KHTML, like Gecko) Chrome/101.0.4951.54 Safari/537.36"
::1 - - [05/May/2022:02:48:19 +0000] "OPTIONS /api/auth HTTP/1.1" 204 0 "http://localhost:4200/" "Mozilla/5.0 (Windows NT 10.0; Win64; x64) AppleWebKit/537.36 (KHTML, like Gecko) Chrome/101.0.4951.54 Safari/537.36"
::1 - - [05/May/2022:02:48:19 +0000] "POST /api/auth HTTP/1.1" 200 677 "http://localhost:4200/" "Mozilla/5.0 (Windows NT 10.0; Win64; x64) AppleWebKit/537.36 (KHTML, like Gecko) Chrome/101.0.4951.54 Safari/537.36"
::1 - - [05/May/2022:02:51:43 +0000] "OPTIONS /api/auth HTTP/1.1" 204 0 "http://localhost:4200/" "Mozilla/5.0 (Windows NT 10.0; Win64; x64) AppleWebKit/537.36 (KHTML, like Gecko) Chrome/101.0.4951.54 Safari/537.36"
::1 - - [05/May/2022:02:51:43 +0000] "POST /api/auth HTTP/1.1" 200 677 "http://localhost:4200/" "Mozilla/5.0 (Windows NT 10.0; Win64; x64) AppleWebKit/537.36 (KHTML, like Gecko) Chrome/101.0.4951.54 Safari/537.36"
::1 - - [05/May/2022:02:52:18 +0000] "OPTIONS /api/auth HTTP/1.1" 204 0 "http://localhost:4200/" "Mozilla/5.0 (Windows NT 10.0; Win64; x64) AppleWebKit/537.36 (KHTML, like Gecko) Chrome/101.0.4951.54 Safari/537.36"
::1 - - [05/May/2022:02:52:18 +0000] "POST /api/auth HTTP/1.1" 200 677 "http://localhost:4200/" "Mozilla/5.0 (Windows NT 10.0; Win64; x64) AppleWebKit/537.36 (KHTML, like Gecko) Chrome/101.0.4951.54 Safari/537.36"
::1 - - [05/May/2022:02:52:33 +0000] "OPTIONS /api/auth HTTP/1.1" 204 0 "http://localhost:4200/" "Mozilla/5.0 (Windows NT 10.0; Win64; x64) AppleWebKit/537.36 (KHTML, like Gecko) Chrome/101.0.4951.54 Safari/537.36"
::1 - - [05/May/2022:02:52:33 +0000] "POST /api/auth HTTP/1.1" 200 677 "http://localhost:4200/" "Mozilla/5.0 (Windows NT 10.0; Win64; x64) AppleWebKit/537.36 (KHTML, like Gecko) Chrome/101.0.4951.54 Safari/537.36"
::1 - - [12/May/2022:15:22:57 +0000] "OPTIONS /api/auth HTTP/1.1" 204 0 "http://localhost:4200/" "Mozilla/5.0 (Windows NT 10.0; Win64; x64) AppleWebKit/537.36 (KHTML, like Gecko) Chrome/101.0.4951.54 Safari/537.36"
::1 - - [12/May/2022:15:22:57 +0000] "POST /api/auth HTTP/1.1" 200 677 "http://localhost:4200/" "Mozilla/5.0 (Windows NT 10.0; Win64; x64) AppleWebKit/537.36 (KHTML, like Gecko) Chrome/101.0.4951.54 Safari/537.36"
::1 - - [12/May/2022:15:23:02 +0000] "OPTIONS /api/usuario?needAuth=false&email=juandacalji@gmail.com HTTP/1.1" 204 0 "http://localhost:4200/" "Mozilla/5.0 (Windows NT 10.0; Win64; x64) AppleWebKit/537.36 (KHTML, like Gecko) Chrome/101.0.4951.54 Safari/537.36"
::1 - - [12/May/2022:15:23:03 +0000] "PUT /api/usuario?needAuth=false&email=juandacalji@gmail.com HTTP/1.1" 200 - "http://localhost:4200/" "Mozilla/5.0 (Windows NT 10.0; Win64; x64) AppleWebKit/537.36 (KHTML, like Gecko) Chrome/101.0.4951.54 Safari/537.36"
::1 - - [12/May/2022:16:13:32 +0000] "PUT /api/usuario/edit?recovery=false&token=81462894ccbba54f8c6245e296edf203757ae21dd145ebe36d80b844b1908a33 HTTP/1.1" 500 98 "-" "PostmanRuntime/7.29.0"
::1 - - [12/May/2022:16:42:16 +0000] "OPTIONS /api/usuario/edit?recovery=false&token=654321354000 HTTP/1.1" 204 0 "http://localhost:4200/" "Mozilla/5.0 (Windows NT 10.0; Win64; x64) AppleWebKit/537.36 (KHTML, like Gecko) Chrome/101.0.4951.54 Safari/537.36"
::1 - - [12/May/2022:16:42:16 +0000] "PUT /api/usuario/edit?recovery=false&token=654321354000 HTTP/1.1" 401 101 "http://localhost:4200/" "Mozilla/5.0 (Windows NT 10.0; Win64; x64) AppleWebKit/537.36 (KHTML, like Gecko) Chrome/101.0.4951.54 Safari/537.36"
::1 - - [12/May/2022:16:42:56 +0000] "PUT /api/usuario/edit?recovery=false&token=81462894ccbba54f8c6245e296edf203757ae21dd145ebe36d80b844b1908a33 HTTP/1.1" 401 101 "-" "PostmanRuntime/7.29.0"
::1 - - [12/May/2022:16:48:12 +0000] "PUT /api/usuario/edit?recovery=false&token=81462894ccbba54f8c6245e296edf203757ae21dd145ebe36d80b844b1908a33 HTTP/1.1" 401 101 "-" "PostmanRuntime/7.29.0"
::1 - - [12/May/2022:16:48:18 +0000] "PUT /api/usuario/edit?recovery=false&token=81462894ccbba54f8c6245e296edf203757ae21dd145ebe36d80b844b1908a33 HTTP/1.1" 500 98 "-" "PostmanRuntime/7.29.0"
::1 - - [12/May/2022:16:49:34 +0000] "PUT /api/usuario/edit?recovery=true&token=81462894ccbba54f8c6245e296edf203757ae21dd145ebe36d80b844b1908a33 HTTP/1.1" 500 98 "-" "PostmanRuntime/7.29.0"
::1 - - [12/May/2022:16:50:23 +0000] "GET /reset/password/80d76df36df8e6721eb2a0097affc0b67184159bb29c8dba0b232104ebd2c2a9 HTTP/1.1" 401 112 "-" "Mozilla/5.0 (Windows NT 10.0; Win64; x64) AppleWebKit/537.36 (KHTML, like Gecko) Chrome/101.0.4951.54 Safari/537.36"
::1 - - [12/May/2022:16:50:23 +0000] "GET /favicon.ico HTTP/1.1" 401 112 "-" "Mozilla/5.0 (Windows NT 10.0; Win64; x64) AppleWebKit/537.36 (KHTML, like Gecko) Chrome/101.0.4951.54 Safari/537.36"
::1 - - [12/May/2022:16:50:34 +0000] "PUT /api/usuario/edit?recovery=true&token=80d76df36df8e6721eb2a0097affc0b67184159bb29c8dba0b232104ebd2c2a9 HTTP/1.1" 500 98 "-" "PostmanRuntime/7.29.0"
::1 - - [12/May/2022:16:50:42 +0000] "PUT /api/usuario?email=juandacalji@gmail.com&needAuth=false HTTP/1.1" 200 - "-" "PostmanRuntime/7.29.0"
::1 - - [12/May/2022:16:50:50 +0000] "GET /new_password/47f9812ae19f477c35e445ca96f1d1c60c3b3c2a8cb9674e8c69d90feb2c3a9c HTTP/1.1" 401 112 "-" "Mozilla/5.0 (Windows NT 10.0; Win64; x64) AppleWebKit/537.36 (KHTML, like Gecko) Chrome/101.0.4951.54 Safari/537.36"
::1 - - [12/May/2022:16:50:50 +0000] "GET /favicon.ico HTTP/1.1" 401 112 "-" "Mozilla/5.0 (Windows NT 10.0; Win64; x64) AppleWebKit/537.36 (KHTML, like Gecko) Chrome/101.0.4951.54 Safari/537.36"
::1 - - [12/May/2022:16:52:00 +0000] "PUT /api/usuario?email=juandacalji@gmail.com&needAuth=false HTTP/1.1" 200 - "-" "PostmanRuntime/7.29.0"
::1 - - [12/May/2022:16:52:22 +0000] "PUT /api/usuario/edit?recovery=true&token=83312a19d0e00973541db3ca7ecb91038709652515e6dd0e6abb736ec5d5b4ef HTTP/1.1" 500 98 "-" "PostmanRuntime/7.29.0"
::1 - - [12/May/2022:16:52:31 +0000] "PUT /api/usuario/edit?recovery=false&token=83312a19d0e00973541db3ca7ecb91038709652515e6dd0e6abb736ec5d5b4ef HTTP/1.1" 500 98 "-" "PostmanRuntime/7.29.0"
::1 - - [12/May/2022:16:52:38 +0000] "POST /api/usuario/edit?recovery=false&token=83312a19d0e00973541db3ca7ecb91038709652515e6dd0e6abb736ec5d5b4ef HTTP/1.1" 401 112 "-" "PostmanRuntime/7.29.0"
::1 - - [12/May/2022:16:53:02 +0000] "PUT /api/usuario/edit?recovery=false&token=83312a19d0e00973541db3ca7ecb91038709652515e6dd0e6abb736ec5d5b4ef HTTP/1.1" 500 98 "-" "PostmanRuntime/7.29.0"
::1 - - [12/May/2022:16:53:12 +0000] "PUT /api/usuario/edit?recovery=true&token=83312a19d0e00973541db3ca7ecb91038709652515e6dd0e6abb736ec5d5b4ef HTTP/1.1" 500 98 "-" "PostmanRuntime/7.29.0"
::1 - - [12/May/2022:16:53:33 +0000] "PUT /api/usuario/edit?recovery=true&token=83312a19d0e00973541db3ca7ecb91038709652515e6dd0e6abb736ec5d5b4ef HTTP/1.1" 401 101 "-" "PostmanRuntime/7.29.0"
::1 - - [12/May/2022:16:53:53 +0000] "PUT /api/usuario/edit?needAuth=false&recovery=true&token=83312a19d0e00973541db3ca7ecb91038709652515e6dd0e6abb736ec5d5b4ef HTTP/1.1" 201 639 "-" "PostmanRuntime/7.29.0"
::1 - - [12/May/2022:16:54:15 +0000] "PUT /api/usuario/edit?needAuth=false&recovery=false&token=83312a19d0e00973541db3ca7ecb91038709652515e6dd0e6abb736ec5d5b4ef HTTP/1.1" 500 92 "-" "PostmanRuntime/7.29.0"
::1 - - [12/May/2022:16:55:32 +0000] "PUT /api/usuario/edit?needAuth=false&recovery=true&token=83312a19d0e00973541db3ca7ecb91038709652515e6dd0e6abb736ec5d5b4ef HTTP/1.1" 201 639 "-" "PostmanRuntime/7.29.0"
::1 - - [12/May/2022:16:56:02 +0000] "OPTIONS /api/auth HTTP/1.1" 204 0 "http://localhost:4200/" "Mozilla/5.0 (Windows NT 10.0; Win64; x64) AppleWebKit/537.36 (KHTML, like Gecko) Chrome/101.0.4951.54 Safari/537.36"
::1 - - [12/May/2022:16:56:02 +0000] "POST /api/auth HTTP/1.1" 403 98 "http://localhost:4200/" "Mozilla/5.0 (Windows NT 10.0; Win64; x64) AppleWebKit/537.36 (KHTML, like Gecko) Chrome/101.0.4951.54 Safari/537.36"
::1 - - [12/May/2022:16:56:08 +0000] "OPTIONS /api/auth HTTP/1.1" 204 0 "http://localhost:4200/" "Mozilla/5.0 (Windows NT 10.0; Win64; x64) AppleWebKit/537.36 (KHTML, like Gecko) Chrome/101.0.4951.54 Safari/537.36"
::1 - - [12/May/2022:16:56:08 +0000] "POST /api/auth HTTP/1.1" 200 677 "http://localhost:4200/" "Mozilla/5.0 (Windows NT 10.0; Win64; x64) AppleWebKit/537.36 (KHTML, like Gecko) Chrome/101.0.4951.54 Safari/537.36"
::1 - - [12/May/2022:16:56:25 +0000] "OPTIONS /api/usuario/edit?needAuth=false&recovery=true&token=83312a19d0e00973541db3ca7ecb91038709652515e6dd0e6abb736ec5d5b4ef HTTP/1.1" 204 0 "http://localhost:4200/" "Mozilla/5.0 (Windows NT 10.0; Win64; x64) AppleWebKit/537.36 (KHTML, like Gecko) Chrome/101.0.4951.54 Safari/537.36"
::1 - - [12/May/2022:16:56:25 +0000] "PUT /api/usuario/edit?needAuth=false&recovery=true&token=83312a19d0e00973541db3ca7ecb91038709652515e6dd0e6abb736ec5d5b4ef HTTP/1.1" 201 639 "http://localhost:4200/" "Mozilla/5.0 (Windows NT 10.0; Win64; x64) AppleWebKit/537.36 (KHTML, like Gecko) Chrome/101.0.4951.54 Safari/537.36"
::1 - - [12/May/2022:16:56:34 +0000] "OPTIONS /api/auth HTTP/1.1" 204 0 "http://localhost:4200/" "Mozilla/5.0 (Windows NT 10.0; Win64; x64) AppleWebKit/537.36 (KHTML, like Gecko) Chrome/101.0.4951.54 Safari/537.36"
::1 - - [12/May/2022:16:56:34 +0000] "POST /api/auth HTTP/1.1" 403 98 "http://localhost:4200/" "Mozilla/5.0 (Windows NT 10.0; Win64; x64) AppleWebKit/537.36 (KHTML, like Gecko) Chrome/101.0.4951.54 Safari/537.36"
::1 - - [12/May/2022:16:56:40 +0000] "OPTIONS /api/auth HTTP/1.1" 204 0 "http://localhost:4200/" "Mozilla/5.0 (Windows NT 10.0; Win64; x64) AppleWebKit/537.36 (KHTML, like Gecko) Chrome/101.0.4951.54 Safari/537.36"
::1 - - [12/May/2022:16:56:40 +0000] "POST /api/auth HTTP/1.1" 200 677 "http://localhost:4200/" "Mozilla/5.0 (Windows NT 10.0; Win64; x64) AppleWebKit/537.36 (KHTML, like Gecko) Chrome/101.0.4951.54 Safari/537.36"
::1 - - [12/May/2022:20:37:12 +0000] "POST /api/auth HTTP/1.1" 403 98 "-" "PostmanRuntime/7.29.0"
::1 - - [12/May/2022:20:37:22 +0000] "POST /api/auth HTTP/1.1" 200 677 "-" "PostmanRuntime/7.29.0"
::1 - - [12/May/2022:20:56:49 +0000] "POST /api/auth HTTP/1.1" 200 710 "-" "PostmanRuntime/7.29.0"
::1 - - [12/May/2022:20:59:33 +0000] "POST /api/auth HTTP/1.1" 200 723 "-" "PostmanRuntime/7.29.0"
::1 - - [12/May/2022:21:00:10 +0000] "POST /api/auth HTTP/1.1" 200 710 "-" "PostmanRuntime/7.29.0"
::1 - - [12/May/2022:21:01:16 +0000] "POST /api/auth HTTP/1.1" 200 723 "-" "PostmanRuntime/7.29.0"
::1 - - [12/May/2022:21:01:31 +0000] "POST /api/auth HTTP/1.1" 200 723 "-" "PostmanRuntime/7.29.0"
::1 - - [12/May/2022:21:02:27 +0000] "POST /api/auth HTTP/1.1" 200 728 "-" "PostmanRuntime/7.29.0"
::1 - - [12/May/2022:21:03:11 +0000] "POST /api/auth HTTP/1.1" 200 728 "-" "PostmanRuntime/7.29.0"
::1 - - [12/May/2022:21:04:51 +0000] "POST /api/auth HTTP/1.1" 200 728 "-" "PostmanRuntime/7.29.0"
::1 - - [12/May/2022:21:05:36 +0000] "POST /api/auth HTTP/1.1" 200 723 "-" "PostmanRuntime/7.29.0"
